2022-09-01 01:09:14,757 INFO o.a.j.u.JMeterUtils: Setting Locale to en_EN
2022-09-01 01:09:14,772 INFO o.a.j.JMeter: Loading user properties from: user.properties
2022-09-01 01:09:14,772 INFO o.a.j.JMeter: Loading system properties from: system.properties
2022-09-01 01:09:14,788 INFO o.a.j.JMeter: Copyright (c) 1998-2022 The Apache Software Foundation
2022-09-01 01:09:14,788 INFO o.a.j.JMeter: Version 5.5
2022-09-01 01:09:14,788 INFO o.a.j.JMeter: java.version=1.8.0_333
2022-09-01 01:09:14,788 INFO o.a.j.JMeter: java.vm.name=Java HotSpot(TM) 64-Bit Server VM
2022-09-01 01:09:14,788 INFO o.a.j.JMeter: os.name=Windows 10
2022-09-01 01:09:14,788 INFO o.a.j.JMeter: os.arch=amd64
2022-09-01 01:09:14,788 INFO o.a.j.JMeter: os.version=10.0
2022-09-01 01:09:14,788 INFO o.a.j.JMeter: file.encoding=Cp1252
2022-09-01 01:09:14,788 INFO o.a.j.JMeter: java.awt.headless=null
2022-09-01 01:09:14,788 INFO o.a.j.JMeter: Max memory     =1073741824
2022-09-01 01:09:14,788 INFO o.a.j.JMeter: Available Processors =2
2022-09-01 01:09:14,804 INFO o.a.j.JMeter: Default Locale=English (EN)
2022-09-01 01:09:14,804 INFO o.a.j.JMeter: JMeter  Locale=English (EN)
2022-09-01 01:09:14,804 INFO o.a.j.JMeter: JMeterHome=C:\Users\Student\Desktop\apache-jmeter-5.5\apache-jmeter-5.5
2022-09-01 01:09:14,804 INFO o.a.j.JMeter: user.dir  =C:\Users\Student\Desktop\apache-jmeter-5.5\apache-jmeter-5.5\bin
2022-09-01 01:09:14,804 INFO o.a.j.JMeter: PWD       =C:\Users\Student\Desktop\apache-jmeter-5.5\apache-jmeter-5.5\bin
2022-09-01 01:09:14,804 INFO o.a.j.JMeter: IP: 10.0.0.2 Name: DESKTOP-QNHJ5Q7 FullName: 10.0.0.2
2022-09-01 01:09:14,866 INFO o.a.j.JMeter: Loaded icon properties from org/apache/jmeter/images/icon.properties
2022-09-01 01:09:15,179 INFO o.a.j.JMeterGuiLauncher: Setting LAF to: com.github.weisj.darklaf.DarkLaf:com.github.weisj.darklaf.theme.DarculaTheme
